

Microchip Technology PIC LITE Macro Assembler V1.37 build -260352376 
                                                                                               Thu Sep  1 19:44:52 2016

Microchip Technology Omniscient Code Generator v1.37 (Free mode) build 201603110536
     1                           	processor	16LF1786
     2                           	opt	pw 120
     3                           	opt	lm
     4                           	psect	cinit,global,class=CODE,merge=1,delta=2
     5                           	psect	cstackCOMMON,global,class=COMMON,space=1,delta=1
     6                           	psect	maintext,global,class=CODE,merge=1,split=1,delta=2
     7                           	dabs	1,0x7E,2
     8  0000                     	;# 
     9  0001                     	;# 
    10  0002                     	;# 
    11  0003                     	;# 
    12  0004                     	;# 
    13  0005                     	;# 
    14  0006                     	;# 
    15  0007                     	;# 
    16  0008                     	;# 
    17  0009                     	;# 
    18  000A                     	;# 
    19  000B                     	;# 
    20  000C                     	;# 
    21  000D                     	;# 
    22  000E                     	;# 
    23  0010                     	;# 
    24  0011                     	;# 
    25  0012                     	;# 
    26  0013                     	;# 
    27  0014                     	;# 
    28  0015                     	;# 
    29  0016                     	;# 
    30  0016                     	;# 
    31  0017                     	;# 
    32  0018                     	;# 
    33  0019                     	;# 
    34  001A                     	;# 
    35  001B                     	;# 
    36  001C                     	;# 
    37  008C                     	;# 
    38  008D                     	;# 
    39  008E                     	;# 
    40  0090                     	;# 
    41  0091                     	;# 
    42  0092                     	;# 
    43  0093                     	;# 
    44  0094                     	;# 
    45  0095                     	;# 
    46  0096                     	;# 
    47  0097                     	;# 
    48  0098                     	;# 
    49  0099                     	;# 
    50  009A                     	;# 
    51  009B                     	;# 
    52  009B                     	;# 
    53  009C                     	;# 
    54  009D                     	;# 
    55  009E                     	;# 
    56  009F                     	;# 
    57  010C                     	;# 
    58  010D                     	;# 
    59  010E                     	;# 
    60  0111                     	;# 
    61  0112                     	;# 
    62  0113                     	;# 
    63  0114                     	;# 
    64  0115                     	;# 
    65  0116                     	;# 
    66  0117                     	;# 
    67  0118                     	;# 
    68  0119                     	;# 
    69  011A                     	;# 
    70  011B                     	;# 
    71  011C                     	;# 
    72  011D                     	;# 
    73  011D                     	;# 
    74  011D                     	;# 
    75  011E                     	;# 
    76  011F                     	;# 
    77  018C                     	;# 
    78  018D                     	;# 
    79  0191                     	;# 
    80  0191                     	;# 
    81  0192                     	;# 
    82  0193                     	;# 
    83  0193                     	;# 
    84  0193                     	;# 
    85  0194                     	;# 
    86  0195                     	;# 
    87  0196                     	;# 
    88  0199                     	;# 
    89  0199                     	;# 
    90  0199                     	;# 
    91  019A                     	;# 
    92  019A                     	;# 
    93  019A                     	;# 
    94  019B                     	;# 
    95  019B                     	;# 
    96  019B                     	;# 
    97  019B                     	;# 
    98  019B                     	;# 
    99  019C                     	;# 
   100  019C                     	;# 
   101  019C                     	;# 
   102  019D                     	;# 
   103  019D                     	;# 
   104  019D                     	;# 
   105  019E                     	;# 
   106  019E                     	;# 
   107  019E                     	;# 
   108  019F                     	;# 
   109  019F                     	;# 
   110  019F                     	;# 
   111  019F                     	;# 
   112  019F                     	;# 
   113  020C                     	;# 
   114  020D                     	;# 
   115  020E                     	;# 
   116  0210                     	;# 
   117  0211                     	;# 
   118  0211                     	;# 
   119  0212                     	;# 
   120  0212                     	;# 
   121  0213                     	;# 
   122  0213                     	;# 
   123  0214                     	;# 
   124  0214                     	;# 
   125  0215                     	;# 
   126  0215                     	;# 
   127  0215                     	;# 
   128  0215                     	;# 
   129  0216                     	;# 
   130  0216                     	;# 
   131  0217                     	;# 
   132  0217                     	;# 
   133  028C                     	;# 
   134  028D                     	;# 
   135  028E                     	;# 
   136  0291                     	;# 
   137  0291                     	;# 
   138  0292                     	;# 
   139  0293                     	;# 
   140  0298                     	;# 
   141  0298                     	;# 
   142  0299                     	;# 
   143  029A                     	;# 
   144  030C                     	;# 
   145  030D                     	;# 
   146  030E                     	;# 
   147  0311                     	;# 
   148  0311                     	;# 
   149  0312                     	;# 
   150  0313                     	;# 
   151  038C                     	;# 
   152  038D                     	;# 
   153  038E                     	;# 
   154  0390                     	;# 
   155  0391                     	;# 
   156  0392                     	;# 
   157  0393                     	;# 
   158  0394                     	;# 
   159  0395                     	;# 
   160  0396                     	;# 
   161  0397                     	;# 
   162  0398                     	;# 
   163  0399                     	;# 
   164  039D                     	;# 
   165  039E                     	;# 
   166  039F                     	;# 
   167  0511                     	;# 
   168  0513                     	;# 
   169  051A                     	;# 
   170  0811                     	;# 
   171  0812                     	;# 
   172  0813                     	;# 
   173  0814                     	;# 
   174  0815                     	;# 
   175  0816                     	;# 
   176  0817                     	;# 
   177  0818                     	;# 
   178  0819                     	;# 
   179  081A                     	;# 
   180  081B                     	;# 
   181  081C                     	;# 
   182  081D                     	;# 
   183  081E                     	;# 
   184  081F                     	;# 
   185  0820                     	;# 
   186  0821                     	;# 
   187  0821                     	;# 
   188  0822                     	;# 
   189  0823                     	;# 
   190  0823                     	;# 
   191  0824                     	;# 
   192  0825                     	;# 
   193  0825                     	;# 
   194  0826                     	;# 
   195  0827                     	;# 
   196  0827                     	;# 
   197  0828                     	;# 
   198  0829                     	;# 
   199  082A                     	;# 
   200  082B                     	;# 
   201  082C                     	;# 
   202  082D                     	;# 
   203  082E                     	;# 
   204  082F                     	;# 
   205  0831                     	;# 
   206  0832                     	;# 
   207  0833                     	;# 
   208  0834                     	;# 
   209  0835                     	;# 
   210  0836                     	;# 
   211  0837                     	;# 
   212  0838                     	;# 
   213  0839                     	;# 
   214  083A                     	;# 
   215  083B                     	;# 
   216  083C                     	;# 
   217  083D                     	;# 
   218  083E                     	;# 
   219  083F                     	;# 
   220  0840                     	;# 
   221  0841                     	;# 
   222  0841                     	;# 
   223  0842                     	;# 
   224  0843                     	;# 
   225  0843                     	;# 
   226  0844                     	;# 
   227  0845                     	;# 
   228  0845                     	;# 
   229  0846                     	;# 
   230  0847                     	;# 
   231  0847                     	;# 
   232  0848                     	;# 
   233  0849                     	;# 
   234  084A                     	;# 
   235  084B                     	;# 
   236  084C                     	;# 
   237  084D                     	;# 
   238  084E                     	;# 
   239  084F                     	;# 
   240  0851                     	;# 
   241  0852                     	;# 
   242  0853                     	;# 
   243  0854                     	;# 
   244  0855                     	;# 
   245  0856                     	;# 
   246  0857                     	;# 
   247  0858                     	;# 
   248  0859                     	;# 
   249  085A                     	;# 
   250  085B                     	;# 
   251  085C                     	;# 
   252  085D                     	;# 
   253  085E                     	;# 
   254  085F                     	;# 
   255  0860                     	;# 
   256  0861                     	;# 
   257  0861                     	;# 
   258  0862                     	;# 
   259  0863                     	;# 
   260  0863                     	;# 
   261  0864                     	;# 
   262  0865                     	;# 
   263  0865                     	;# 
   264  0866                     	;# 
   265  0867                     	;# 
   266  0867                     	;# 
   267  0868                     	;# 
   268  0869                     	;# 
   269  086A                     	;# 
   270  086B                     	;# 
   271  086C                     	;# 
   272  086D                     	;# 
   273  086E                     	;# 
   274  086F                     	;# 
   275  0FE4                     	;# 
   276  0FE5                     	;# 
   277  0FE6                     	;# 
   278  0FE7                     	;# 
   279  0FE8                     	;# 
   280  0FE9                     	;# 
   281  0FEA                     	;# 
   282  0FEB                     	;# 
   283  0FED                     	;# 
   284  0FEE                     	;# 
   285  0FEF                     	;# 
   286  000B                     _INTCONbits	set	11
   287                           
   288                           	psect	cinit
   289  07FD                     start_initialization:	
   290                           ; #config settings
   291                           
   292  07FD                     __initialization:	
   293  07FD                     end_of_initialization:	
   294                           ;End of C runtime variable initialization code
   295                           
   296  07FD                     __end_of__initialization:	
   297  07FD  0020               	movlb	0
   298  07FE  3187  2FFA         	ljmp	_main	;jump to C main() function
   299                           
   300                           	psect	cstackCOMMON
   301  0000                     __pcstackCOMMON:	
   302  0000                     ?_main:	
   303  0000                     ??_main:	
   304                           ; 1 bytes @ 0x0
   305                           
   306                           
   307                           	psect	maintext
   308  07FA                     __pmaintext:	
   309                           ; 1 bytes @ 0x0
   310 ;;
   311 ;;Main: autosize = 0, tempsize = 0, incstack = 0, save=0
   312 ;;
   313 ;; *************** function _main *****************
   314 ;; Defined at:
   315 ;;		line 11 in file "main.c"
   316 ;; Parameters:    Size  Location     Type
   317 ;;		None
   318 ;; Auto vars:     Size  Location     Type
   319 ;;		None
   320 ;; Return value:  Size  Location     Type
   321 ;;                  1    wreg      void 
   322 ;; Registers used:
   323 ;;		None
   324 ;; Tracked objects:
   325 ;;		On entry : B1F/0
   326 ;;		On exit  : 0/0
   327 ;;		Unchanged: 0/0
   328 ;; Data sizes:     COMMON   BANK0   BANK1   BANK2   BANK3   BANK4   BANK5   BANK6   BANK7   BANK8   BANK9  BANK10  BANK1
      +1  BANK12
   329 ;;      Params:         0       0       0       0       0       0       0       0       0       0       0       0       
      +0       0
   330 ;;      Locals:         0       0       0       0       0       0       0       0       0       0       0       0       
      +0       0
   331 ;;      Temps:          0       0       0       0       0       0       0       0       0       0       0       0       
      +0       0
   332 ;;      Totals:         0       0       0       0       0       0       0       0       0       0       0       0       
      +0       0
   333 ;;Total ram usage:        0 bytes
   334 ;; This function calls:
   335 ;;		Nothing
   336 ;; This function is called by:
   337 ;;		Startup code after reset
   338 ;; This function uses a non-reentrant model
   339 ;;
   340                           
   341                           
   342                           ;psect for function _main
   343  07FA                     _main:	
   344                           
   345                           ;main.c: 12: INTCONbits.GIE = 0;
   346                           
   347                           ;incstack = 0
   348                           ; Regs used in _main: []
   349  07FA  138B               	bcf	11,7	;volatile
   350  07FB                     l5:	
   351                           ;main.c: 13: while(1) {
   352                           
   353  07FB  0000               	nop	;# 
   354  07FC  2FFB               	goto	l5
   355  07FD                     __end_of_main:	
   356                           ;main.c: 15: }
   357                           ;main.c: 16: return;
   358                           
   359  007E                     btemp	set	126	;btemp
   360  007E                     wtemp	set	126
   361  007E                     wtemp0	set	126
   362  0080                     wtemp1	set	128
   363  0082                     wtemp2	set	130
   364  0084                     wtemp3	set	132
   365  0086                     wtemp4	set	134
   366  0088                     wtemp5	set	136
   367  007F                     wtemp6	set	127
   368  007E                     ttemp	set	126
   369  007E                     ttemp0	set	126
   370  0081                     ttemp1	set	129
   371  0084                     ttemp2	set	132
   372  0087                     ttemp3	set	135
   373  007F                     ttemp4	set	127
   374  007E                     ltemp	set	126
   375  007E                     ltemp0	set	126
   376  0082                     ltemp1	set	130
   377  0086                     ltemp2	set	134
   378  0080                     ltemp3	set	128


Data Sizes:
    Strings     0
    Constant    0
    Data        0
    BSS         0
    Persistent  0
    Stack       0

Auto Spaces:
    Space          Size  Autos    Used
    COMMON           14      0       0
    BANK0            80      0       0
    BANK1            80      0       0
    BANK2            80      0       0
    BANK3            80      0       0
    BANK4            80      0       0
    BANK5            80      0       0
    BANK6            80      0       0
    BANK7            80      0       0
    BANK8            80      0       0
    BANK9            80      0       0
    BANK10           80      0       0
    BANK11           80      0       0
    BANK12           48      0       0

Pointer List with Targets:

    None.

Critical Paths under _main in COMMON

    None.

Critical Paths under _main in BANK0

    None.

Critical Paths under _main in BANK1

    None.

Critical Paths under _main in BANK2

    None.

Critical Paths under _main in BANK3

    None.

Critical Paths under _main in BANK4

    None.

Critical Paths under _main in BANK5

    None.

Critical Paths under _main in BANK6

    None.

Critical Paths under _main in BANK7

    None.

Critical Paths under _main in BANK8

    None.

Critical Paths under _main in BANK9

    None.

Critical Paths under _main in BANK10

    None.

Critical Paths under _main in BANK11

    None.

Critical Paths under _main in BANK12

    None.

Call Graph Tables:

 ---------------------------------------------------------------------------------
 (Depth) Function   	        Calls       Base Space   Used Autos Params    Refs
 ---------------------------------------------------------------------------------
 (0) _main                                                 0     0      0       0
 ---------------------------------------------------------------------------------
 Estimated maximum stack depth 0
 ---------------------------------------------------------------------------------

 Call Graph Graphs:

 _main (ROOT)

 Address spaces:
Name               Size   Autos  Total    Cost      Usage
BIGRAM             3F0      0       0       0        0.0%
EEDATA             100      0       0       0        0.0%
NULL                 0      0       0       0        0.0%
CODE                 0      0       0       0        0.0%
BITCOMMON            E      0       0       1        0.0%
BITSFR0              0      0       0       1        0.0%
SFR0                 0      0       0       1        0.0%
COMMON               E      0       0       2        0.0%
BITSFR1              0      0       0       2        0.0%
SFR1                 0      0       0       2        0.0%
BITSFR2              0      0       0       3        0.0%
SFR2                 0      0       0       3        0.0%
STACK                0      0       0       3        0.0%
BITBANK0            50      0       0       4        0.0%
BITSFR3              0      0       0       4        0.0%
SFR3                 0      0       0       4        0.0%
BANK0               50      0       0       5        0.0%
BITSFR4              0      0       0       5        0.0%
SFR4                 0      0       0       5        0.0%
BITBANK1            50      0       0       6        0.0%
BITSFR5              0      0       0       6        0.0%
SFR5                 0      0       0       6        0.0%
BANK1               50      0       0       7        0.0%
BITSFR6              0      0       0       7        0.0%
SFR6                 0      0       0       7        0.0%
BITBANK2            50      0       0       8        0.0%
BITSFR7              0      0       0       8        0.0%
SFR7                 0      0       0       8        0.0%
BANK2               50      0       0       9        0.0%
BITSFR8              0      0       0       9        0.0%
SFR8                 0      0       0       9        0.0%
BITBANK3            50      0       0      10        0.0%
BITSFR9              0      0       0      10        0.0%
SFR9                 0      0       0      10        0.0%
BANK3               50      0       0      11        0.0%
BITSFR10             0      0       0      11        0.0%
SFR10                0      0       0      11        0.0%
BITBANK4            50      0       0      12        0.0%
BITSFR11             0      0       0      12        0.0%
SFR11                0      0       0      12        0.0%
BANK4               50      0       0      13        0.0%
BITSFR12             0      0       0      13        0.0%
SFR12                0      0       0      13        0.0%
BITBANK5            50      0       0      14        0.0%
BITSFR13             0      0       0      14        0.0%
SFR13                0      0       0      14        0.0%
BANK5               50      0       0      15        0.0%
BITSFR14             0      0       0      15        0.0%
SFR14                0      0       0      15        0.0%
BITBANK6            50      0       0      16        0.0%
BITSFR15             0      0       0      16        0.0%
SFR15                0      0       0      16        0.0%
BANK6               50      0       0      17        0.0%
BITSFR16             0      0       0      17        0.0%
SFR16                0      0       0      17        0.0%
BITBANK7            50      0       0      18        0.0%
BITSFR17             0      0       0      18        0.0%
SFR17                0      0       0      18        0.0%
BANK7               50      0       0      19        0.0%
BITSFR18             0      0       0      19        0.0%
SFR18                0      0       0      19        0.0%
BITSFR19             0      0       0      20        0.0%
SFR19                0      0       0      20        0.0%
ABS                  0      0       0      20        0.0%
BITBANK8            50      0       0      21        0.0%
BITSFR20             0      0       0      21        0.0%
SFR20                0      0       0      21        0.0%
BANK8               50      0       0      22        0.0%
BITSFR21             0      0       0      22        0.0%
SFR21                0      0       0      22        0.0%
BITBANK9            50      0       0      23        0.0%
BITSFR22             0      0       0      23        0.0%
SFR22                0      0       0      23        0.0%
BANK9               50      0       0      24        0.0%
BITSFR23             0      0       0      24        0.0%
SFR23                0      0       0      24        0.0%
BITBANK10           50      0       0      25        0.0%
BITSFR24             0      0       0      25        0.0%
SFR24                0      0       0      25        0.0%
BANK10              50      0       0      26        0.0%
BITSFR25             0      0       0      26        0.0%
SFR25                0      0       0      26        0.0%
BITBANK11           50      0       0      27        0.0%
BITSFR26             0      0       0      27        0.0%
SFR26                0      0       0      27        0.0%
BANK11              50      0       0      28        0.0%
BITSFR27             0      0       0      28        0.0%
SFR27                0      0       0      28        0.0%
BITBANK12           30      0       0      29        0.0%
BITSFR28             0      0       0      29        0.0%
SFR28                0      0       0      29        0.0%
BANK12              30      0       0      30        0.0%
BITSFR29             0      0       0      30        0.0%
SFR29                0      0       0      30        0.0%
BITSFR30             0      0       0      31        0.0%
SFR30                0      0       0      31        0.0%
DATA                 0      0       0      31        0.0%
BITSFR31             0      0       0      32        0.0%
SFR31                0      0       0      32        0.0%


Microchip Technology PIC Macro Assembler V1.37 build -260352376 
Symbol Table                                                                                   Thu Sep  1 19:44:52 2016

                      l5 07FB                     _main 07FA                     btemp 007E  
                   ltemp 007E                     start 0002                     ttemp 007E  
                   wtemp 007E                    ?_main 0000                    ltemp0 007E  
                  ltemp1 0082                    ltemp2 0086                    ltemp3 0080  
                  ttemp0 007E                    ttemp1 0081                    ttemp2 0084  
                  ttemp3 0087                    ttemp4 007F                    wtemp0 007E  
                  wtemp1 0080                    wtemp2 0082                    wtemp3 0084  
                  wtemp4 0086                    wtemp5 0088                    wtemp6 007F  
        __initialization 07FD             __end_of_main 07FD                   ??_main 0000  
__end_of__initialization 07FD           __pcstackCOMMON 0000               __pmaintext 07FA  
   end_of_initialization 07FD      start_initialization 07FD                ___latbits 0002  
          __size_of_main 0003               _INTCONbits 000B  
